[2023-08-04T13:39:52.689] [DEBUG] cheese - login => username:admin,password:123
[2023-08-04T13:39:52.690] [DEBUG] cheese - admin
[2023-08-04T13:39:52.698] [DEBUG] cheese - null
[2023-08-04T13:39:52.698] [DEBUG] cheese - null
[2023-08-04T13:40:11.572] [DEBUG] cheese - login => username:admin,password:123
[2023-08-04T13:40:11.572] [DEBUG] cheese - admin
[2023-08-04T13:40:11.574] [DEBUG] cheese - null
[2023-08-04T13:40:11.574] [DEBUG] cheese - null
[2023-08-04T13:40:37.839] [DEBUG] cheese - login => username:admin,password:123456
[2023-08-04T13:40:37.839] [DEBUG] cheese - admin
[2023-08-04T13:40:37.841] [DEBUG] cheese - null
[2023-08-04T13:40:37.842] [DEBUG] cheese - null
[2023-08-04T16:42:04.418] [DEBUG] cheese - login => username:123,password:123123
[2023-08-04T16:42:04.419] [DEBUG] cheese - 123
[2023-08-04T16:42:04.427] [DEBUG] cheese - null
[2023-08-04T16:42:04.427] [DEBUG] cheese - null
[2023-08-04T16:42:51.425] [DEBUG] cheese - login => username:123,password:123123
[2023-08-04T16:42:51.425] [DEBUG] cheese - 123
[2023-08-04T16:42:51.426] [DEBUG] cheese - null
[2023-08-04T16:42:51.427] [DEBUG] cheese - null
[2023-08-04T16:43:57.423] [DEBUG] cheese - login => username:123,password:123123
[2023-08-04T16:43:57.423] [DEBUG] cheese - 123
[2023-08-04T16:43:57.425] [DEBUG] cheese - null
[2023-08-04T16:43:57.425] [DEBUG] cheese - null
[2023-08-04T16:45:49.684] [DEBUG] cheese - login => username:123,password:123123
[2023-08-04T16:45:49.684] [DEBUG] cheese - 123
[2023-08-04T16:45:49.685] [DEBUG] cheese - null
[2023-08-04T16:45:49.685] [DEBUG] cheese - null
[2023-08-04T17:02:15.621] [DEBUG] cheese - login => username:123,password:123123
[2023-08-04T17:02:15.621] [DEBUG] cheese - 123
[2023-08-04T17:02:15.622] [DEBUG] cheese - null
[2023-08-04T17:02:15.622] [DEBUG] cheese - null
[2023-08-04T17:07:29.641] [DEBUG] cheese - login => username:123,password:123123
[2023-08-04T17:07:29.641] [DEBUG] cheese - 123
[2023-08-04T17:07:29.642] [DEBUG] cheese - null
[2023-08-04T17:07:29.642] [DEBUG] cheese - null
[2023-08-04T17:07:34.864] [DEBUG] cheese - login => username:123,password:123123
[2023-08-04T17:07:34.864] [DEBUG] cheese - 123
[2023-08-04T17:07:34.865] [DEBUG] cheese - null
[2023-08-04T17:07:34.865] [DEBUG] cheese - null
[2023-08-04T17:07:42.514] [DEBUG] cheese - login => username:admin,password:123456
[2023-08-04T17:07:42.514] [DEBUG] cheese - admin
[2023-08-04T17:07:42.517] [DEBUG] cheese - null
[2023-08-04T17:07:42.517] [DEBUG] cheese - null
[2023-08-04T17:12:03.295] [DEBUG] cheese - login => username:admin,password:123456
[2023-08-04T17:12:03.295] [DEBUG] cheese - admin
[2023-08-04T17:12:03.297] [DEBUG] cheese - null
[2023-08-04T17:12:03.297] [DEBUG] cheese - null
[2023-08-04T17:13:10.166] [DEBUG] cheese - login => username:admin,password:123456
[2023-08-04T17:13:10.166] [DEBUG] cheese - admin
[2023-08-04T17:13:10.167] [DEBUG] cheese - null
[2023-08-04T17:13:10.167] [DEBUG] cheese - null
[2023-08-04T17:15:37.648] [DEBUG] cheese - login => username:admin,password:123546
[2023-08-04T17:15:37.648] [DEBUG] cheese - admin
[2023-08-04T17:15:37.650] [DEBUG] cheese - null
[2023-08-04T17:15:37.650] [DEBUG] cheese - null
[2023-08-04T17:15:44.080] [DEBUG] cheese - login => username:admin,password:123456
[2023-08-04T17:15:44.080] [DEBUG] cheese - admin
[2023-08-04T17:15:44.081] [DEBUG] cheese - null
[2023-08-04T17:15:44.081] [DEBUG] cheese - null
[2023-08-04T17:23:44.896] [DEBUG] cheese - login => username:admin,password:123456
[2023-08-04T17:23:44.896] [DEBUG] cheese - admin
[2023-08-04T17:23:44.897] [DEBUG] cheese - null
[2023-08-04T17:23:44.897] [DEBUG] cheese - null
[2023-08-05T10:11:16.803] [DEBUG] cheese - login => username:admin,password:123456
[2023-08-05T10:11:16.804] [DEBUG] cheese - admin
[2023-08-05T10:11:16.812] [DEBUG] cheese - null
[2023-08-05T10:11:16.812] [DEBUG] cheese - null
[2023-08-05T10:11:32.147] [DEBUG] cheese - login => username:admin,password:123456
[2023-08-05T10:11:32.147] [DEBUG] cheese - admin
[2023-08-05T10:11:32.149] [DEBUG] cheese - null
[2023-08-05T10:11:32.149] [DEBUG] cheese - null
[2023-08-05T10:29:09.454] [DEBUG] cheese - login => username:admin,password:123456
[2023-08-05T10:29:09.454] [DEBUG] cheese - admin
[2023-08-05T10:29:09.456] [DEBUG] cheese - null
[2023-08-05T10:29:09.456] [DEBUG] cheese - null
[2023-08-05T10:59:02.744] [DEBUG] cheese - login => username:admin,password:123456
[2023-08-05T10:59:02.745] [DEBUG] cheese - admin
[2023-08-05T10:59:02.746] [DEBUG] cheese - null
[2023-08-05T10:59:02.747] [DEBUG] cheese - null
[2023-08-05T11:04:16.141] [DEBUG] cheese - login => username:admin,password:123456
[2023-08-05T11:04:16.141] [DEBUG] cheese - admin
[2023-08-05T11:04:16.143] [DEBUG] cheese - null
[2023-08-05T11:04:16.143] [DEBUG] cheese - null
[2023-08-05T11:05:04.007] [DEBUG] cheese - login => username:admin,password:123456
[2023-08-05T11:05:04.008] [DEBUG] cheese - admin
[2023-08-05T11:05:04.009] [DEBUG] cheese - null
[2023-08-05T11:05:04.009] [DEBUG] cheese - null
[2023-08-05T11:17:06.810] [DEBUG] cheese - login => username:admin,password:123456
[2023-08-05T11:17:06.810] [DEBUG] cheese - admin
[2023-08-05T11:17:06.811] [DEBUG] cheese - null
[2023-08-05T11:17:06.811] [DEBUG] cheese - null
[2023-08-05T11:17:43.382] [DEBUG] cheese - login => username:admin,password:123456
[2023-08-05T11:17:43.382] [DEBUG] cheese - admin
[2023-08-05T11:17:43.383] [DEBUG] cheese - null
[2023-08-05T11:17:43.383] [DEBUG] cheese - null
[2023-08-05T11:17:53.550] [DEBUG] cheese - login => username:admin,password:123456
[2023-08-05T11:17:53.551] [DEBUG] cheese - admin
[2023-08-05T11:17:53.552] [DEBUG] cheese - null
[2023-08-05T11:17:53.552] [DEBUG] cheese - null
[2023-08-05T11:27:31.256] [DEBUG] cheese - login => username:admin,password:123456
[2023-08-05T11:27:31.256] [DEBUG] cheese - admin
[2023-08-05T11:27:31.257] [DEBUG] cheese - null
[2023-08-05T11:27:31.257] [DEBUG] cheese - null
[2023-08-05T11:28:01.098] [DEBUG] cheese - login => username:admin,password:123456
[2023-08-05T11:28:01.099] [DEBUG] cheese - admin
[2023-08-05T11:28:01.100] [DEBUG] cheese - null
[2023-08-05T11:28:01.100] [DEBUG] cheese - null
[2023-08-07T10:28:47.134] [DEBUG] cheese - login => username:admin,password:123456
[2023-08-07T10:28:47.135] [DEBUG] cheese - admin
[2023-08-07T10:28:47.143] [DEBUG] cheese - null
[2023-08-07T10:28:47.144] [DEBUG] cheese - null
[2023-08-07T13:18:25.740] [DEBUG] cheese - login => username:admin,password:123456
[2023-08-07T13:18:25.741] [DEBUG] cheese - admin
[2023-08-07T13:18:25.746] [DEBUG] cheese - null
[2023-08-07T13:18:25.746] [DEBUG] cheese - null
[2023-08-07T14:14:15.893] [DEBUG] cheese - login => username:admin,password:123456
[2023-08-07T14:14:15.893] [DEBUG] cheese - admin
[2023-08-07T14:14:15.894] [DEBUG] cheese - null
[2023-08-07T14:14:15.894] [DEBUG] cheese - null
[2023-08-07T16:15:56.415] [DEBUG] cheese - login => username:admin,password:123456
[2023-08-07T16:15:56.416] [DEBUG] cheese - admin
[2023-08-07T16:15:56.424] [DEBUG] cheese - null
[2023-08-07T16:15:56.424] [DEBUG] cheese - null
[2023-08-08T10:15:21.179] [DEBUG] cheese - login => username:admin,password:123456
[2023-08-08T10:15:21.180] [DEBUG] cheese - admin
[2023-08-08T10:15:21.188] [DEBUG] cheese - null
[2023-08-08T10:15:21.189] [DEBUG] cheese - null
[2023-08-09T16:46:07.414] [DEBUG] cheese - login => username:admin,password:123456
[2023-08-09T16:46:07.415] [DEBUG] cheese - admin
[2023-08-09T16:46:07.423] [DEBUG] cheese - null
[2023-08-09T16:46:07.423] [DEBUG] cheese - null
[2023-08-09T19:49:21.147] [DEBUG] cheese - login => username:admin,password:123456
[2023-08-09T19:49:21.148] [DEBUG] cheese - admin
[2023-08-09T19:49:21.156] [DEBUG] cheese - null
[2023-08-09T19:49:21.156] [DEBUG] cheese - null
[2023-08-09T19:49:25.392] [DEBUG] cheese - login => username:admin,password:123456
[2023-08-09T19:49:25.392] [DEBUG] cheese - admin
[2023-08-09T19:49:25.394] [DEBUG] cheese - null
[2023-08-09T19:49:25.394] [DEBUG] cheese - null
[2023-08-09T19:49:40.356] [DEBUG] cheese - login => username:admin,password:123456
[2023-08-09T19:49:40.356] [DEBUG] cheese - admin
[2023-08-09T19:49:40.358] [DEBUG] cheese - null
[2023-08-09T19:49:40.358] [DEBUG] cheese - null
[2023-08-10T09:58:41.525] [DEBUG] cheese - login => username:admin,password:123456
[2023-08-10T09:58:41.526] [DEBUG] cheese - admin
[2023-08-10T09:58:41.532] [DEBUG] cheese - null
[2023-08-10T09:58:41.533] [DEBUG] cheese - null
[2023-08-10T10:32:49.225] [DEBUG] cheese - login => username:admin,password:123456
[2023-08-10T10:32:49.225] [DEBUG] cheese - admin
[2023-08-10T10:32:49.227] [DEBUG] cheese - null
[2023-08-10T10:32:49.227] [DEBUG] cheese - null
[2023-08-10T21:18:41.070] [DEBUG] cheese - login => username:admin,password:123456
[2023-08-10T21:18:41.071] [DEBUG] cheese - admin
[2023-08-10T21:18:41.079] [DEBUG] cheese - null
[2023-08-10T21:18:41.079] [DEBUG] cheese - null
[2023-08-11T09:58:53.575] [DEBUG] cheese - login => username:admin,password:123456
[2023-08-11T09:58:53.576] [DEBUG] cheese - admin
[2023-08-11T09:58:53.584] [DEBUG] cheese - null
[2023-08-11T09:58:53.584] [DEBUG] cheese - null
[2023-08-11T11:49:41.383] [DEBUG] cheese - null
[2023-08-11T11:49:48.992] [DEBUG] cheese - null
[2023-08-11T11:52:10.807] [DEBUG] cheese - null
[2023-08-11T11:52:45.692] [DEBUG] cheese - null
[2023-08-11T11:55:54.617] [DEBUG] cheese - null
[2023-08-11T11:57:44.085] [DEBUG] cheese - null
[2023-08-11T11:57:52.749] [DEBUG] cheese - null
[2023-08-11T21:10:42.522] [DEBUG] cheese - login => username:admin,password:123456
[2023-08-11T21:10:42.523] [DEBUG] cheese - admin
[2023-08-11T21:10:42.531] [DEBUG] cheese - null
[2023-08-11T21:10:42.532] [DEBUG] cheese - null
[2023-08-12T10:53:11.057] [DEBUG] cheese - login => username:admin,password:123456
[2023-08-12T10:53:11.058] [DEBUG] cheese - admin
[2023-08-12T10:53:11.066] [DEBUG] cheese - null
[2023-08-12T10:53:11.066] [DEBUG] cheese - null
[2023-08-12T11:35:32.343] [DEBUG] cheese - null
[2023-08-12T11:36:08.434] [DEBUG] cheese - null
[2023-08-12T11:36:47.398] [DEBUG] cheese - null
[2023-08-12T11:38:54.669] [DEBUG] cheese - null
[2023-08-12T12:09:10.475] [DEBUG] cheese - login => username:admin,password:123456
[2023-08-12T12:09:10.476] [DEBUG] cheese - admin
[2023-08-12T12:09:10.482] [DEBUG] cheese - null
[2023-08-12T12:09:10.482] [DEBUG] cheese - null
[2023-08-12T13:32:21.933] [DEBUG] cheese - login => username:admin,password:123456
[2023-08-12T13:32:21.934] [DEBUG] cheese - admin
[2023-08-12T13:32:21.943] [DEBUG] cheese - null
[2023-08-12T13:32:21.943] [DEBUG] cheese - null
[2023-08-12T13:35:38.492] [DEBUG] cheese - login => username:admin,password:123456
[2023-08-12T13:35:38.492] [DEBUG] cheese - admin
[2023-08-12T13:35:38.494] [DEBUG] cheese - null
[2023-08-12T13:35:38.494] [DEBUG] cheese - null
[2023-08-13T10:56:34.777] [DEBUG] cheese - login => username:admin,password:123456
[2023-08-13T10:56:34.778] [DEBUG] cheese - admin
[2023-08-13T10:56:34.786] [DEBUG] cheese - null
[2023-08-13T10:56:34.787] [DEBUG] cheese - null
[2023-08-14T10:05:09.056] [DEBUG] cheese - login => username:admin,password:123456
[2023-08-14T10:05:09.057] [DEBUG] cheese - admin
[2023-08-14T10:05:09.065] [DEBUG] cheese - null
[2023-08-14T10:05:09.065] [DEBUG] cheese - null
[2023-08-16T09:31:19.298] [DEBUG] cheese - login => username:admin,password:123456
[2023-08-16T09:31:19.299] [DEBUG] cheese - admin
[2023-08-16T09:31:19.307] [DEBUG] cheese - null
[2023-08-16T09:31:19.308] [DEBUG] cheese - null
[2023-08-16T10:51:02.972] [DEBUG] cheese - login => username:admin,password:123456
[2023-08-16T10:51:02.973] [DEBUG] cheese - admin
[2023-08-16T10:51:02.975] [DEBUG] cheese - null
[2023-08-16T10:51:02.975] [DEBUG] cheese - null
[2023-08-16T10:59:49.447] [DEBUG] cheese - login => username:admin,password:123456
[2023-08-16T10:59:49.448] [DEBUG] cheese - admin
[2023-08-16T10:59:49.450] [DEBUG] cheese - null
[2023-08-16T10:59:49.451] [DEBUG] cheese - null
[2023-08-28T12:26:57.248] [DEBUG] cheese - login => username:admin,password:123456
[2023-08-28T12:26:57.248] [DEBUG] cheese - admin
[2023-08-28T12:26:57.255] [DEBUG] cheese - null
[2023-08-28T12:26:57.255] [DEBUG] cheese - null
[2023-08-28T15:06:45.724] [DEBUG] cheese - login => username:admin,password:123456
[2023-08-28T15:06:45.726] [DEBUG] cheese - admin
[2023-08-28T15:06:45.735] [DEBUG] cheese - null
[2023-08-28T15:06:45.735] [DEBUG] cheese - null
[2023-08-28T21:03:23.073] [DEBUG] cheese - login => username:admin,password:123456
[2023-08-28T21:03:23.074] [DEBUG] cheese - admin
[2023-08-28T21:03:23.082] [DEBUG] cheese - null
[2023-08-28T21:03:23.083] [DEBUG] cheese - null
[2023-08-29T10:03:32.772] [DEBUG] cheese - login => username:admin,password:123456
[2023-08-29T10:03:32.773] [DEBUG] cheese - admin
[2023-08-29T10:03:32.781] [DEBUG] cheese - null
[2023-08-29T10:03:32.781] [DEBUG] cheese - null
[2023-08-29T11:08:11.721] [DEBUG] cheese - null
[2023-08-29T11:10:48.261] [DEBUG] cheese - null
[2023-08-29T11:10:52.367] [DEBUG] cheese - null
[2023-08-29T15:51:10.743] [DEBUG] cheese - login => username:admin,password:123456
[2023-08-29T15:51:10.744] [DEBUG] cheese - admin
[2023-08-29T15:51:10.746] [DEBUG] cheese - null
[2023-08-29T15:51:10.746] [DEBUG] cheese - null
[2023-08-29T17:34:36.284] [DEBUG] cheese - login => username:admin,password:123456
[2023-08-29T17:34:36.285] [DEBUG] cheese - admin
[2023-08-29T17:34:36.287] [DEBUG] cheese - null
[2023-08-29T17:34:36.287] [DEBUG] cheese - null
[2023-08-29T17:38:45.851] [DEBUG] cheese - login => username:admin,password:123456
[2023-08-29T17:38:45.852] [DEBUG] cheese - admin
[2023-08-29T17:38:45.855] [DEBUG] cheese - null
[2023-08-29T17:38:45.855] [DEBUG] cheese - null
[2023-08-29T18:16:54.133] [DEBUG] cheese - login => username:admin,password:123456
[2023-08-29T18:16:54.134] [DEBUG] cheese - admin
[2023-08-29T18:16:54.136] [DEBUG] cheese - null
[2023-08-29T18:16:54.136] [DEBUG] cheese - null
[2023-08-29T18:17:31.432] [DEBUG] cheese - login => username:admin,password:123456
[2023-08-29T18:17:31.432] [DEBUG] cheese - admin
[2023-08-29T18:17:31.433] [DEBUG] cheese - null
[2023-08-29T18:17:31.433] [DEBUG] cheese - null
[2023-08-29T18:27:22.914] [DEBUG] cheese - login => username:admin,password:123456
[2023-08-29T18:27:22.915] [DEBUG] cheese - admin
[2023-08-29T18:27:22.916] [DEBUG] cheese - null
[2023-08-29T18:27:22.916] [DEBUG] cheese - null
[2023-08-29T18:33:51.706] [DEBUG] cheese - login => username:admin,password:123456
[2023-08-29T18:33:51.707] [DEBUG] cheese - admin
[2023-08-29T18:33:51.708] [DEBUG] cheese - null
[2023-08-29T18:33:51.708] [DEBUG] cheese - null
[2023-08-29T18:39:13.365] [DEBUG] cheese - login => username:admin,password:123456
[2023-08-29T18:39:13.365] [DEBUG] cheese - admin
[2023-08-29T18:39:13.367] [DEBUG] cheese - null
[2023-08-29T18:39:13.368] [DEBUG] cheese - null
[2023-09-05T20:20:44.276] [DEBUG] cheese - login => username:admin,password:123456
[2023-09-05T20:20:44.277] [DEBUG] cheese - admin
[2023-09-05T20:20:44.285] [DEBUG] cheese - null
[2023-09-05T20:20:44.285] [DEBUG] cheese - null
[2023-09-05T20:33:31.273] [DEBUG] cheese - login => username:admin,password:123456
[2023-09-05T20:33:31.274] [DEBUG] cheese - admin
[2023-09-05T20:33:31.275] [DEBUG] cheese - null
[2023-09-05T20:33:31.275] [DEBUG] cheese - null
